  Building Custom Rule C:/Users/Beyioku/Documents/Unreal Projects/Aptos-Cpp-SDK/CMakeLists.txt
  Deserialization.cpp
  Serialization.cpp
  BCSTypes.cpp
  Bytes.cpp
  Bool.cpp
  U8.cpp
  U16.cpp
  U32.cpp
  U64.cpp
  U128.cpp
  U256.cpp
  TagSequence.cpp
  Sequence.cpp
  ByteSequence.cpp
  BCSMap.cpp
  BString.cpp
  Rawtransaction.cpp
  MultiAgentRawTransaction.cpp
  Script.cpp
  ScriptArgument.cpp
  Generating Code...
  Compiling...
  EntryFunction.cpp
  ModuleId.cpp
  TransactionArgument.cpp
  SignedTransaction.cpp
  PublicKey.cpp
  Utils.cpp
  PrivateKey.cpp
  MultiEd25519PublicKey.cpp
  Ed25519Signature.cpp
  AccountAddress.cpp
  Account.cpp
  AuthenticationKey.cpp
  Multipublickey.cpp
  Multisignature.cpp
  Wallet.cpp
  Authenticator.cpp
  StructTag.cpp
  Constant.cpp
  AccountData.cpp
  AccountResourceCoin.cpp
  Generating Code...
  Compiling...
  AccountResourceCollection.cpp
  AccountResourceTokenStore.cpp
  AptosError.cpp
  GasEstimation.cpp
  LedgerInfo.cpp
  ResourceCollection.cpp
  ResponseInfo.cpp
  TableItemRequest.cpp
  TableItemRequestNFT.cpp
  TableItemRequestTokenData.cpp
  TokenDataId.cpp
  TokenDataIdRequest.cpp
  TokenIdRequest.cpp
  Transaction.cpp
  TransactionRequest.cpp
  ViewRequest.cpp
  AccountResource.cpp
  CapabilityOffer.cpp
  IResourceBase.cpp
  ResourceDataBase.cpp
  Generating Code...
  Compiling...
  ResourceEvent.cpp
  CollectionResource.cpp
  ObjectResource.cpp
  PropertyMapResource.cpp
  RoyaltyResource.cpp
  TokenResource.cpp
  TableItemToken.cpp
  TableItemTokenMetadata.cpp
  ResourceBaseListConverter.cpp
  TransactionRequestConverter.cpp
  TransactionConverter.cpp
  FaucetClient.cpp
  RequestClient.cpp
  AptosTokenClient.cpp
  RestClient.cpp
  Ed25519Bip32.cpp
  RotationProofChallenge.cpp
  Generating Code...
  TransactionPayload.cpp
  TransactionPayload.cpp
     Creating library C:/Users/Beyioku/Documents/Unreal Projects/Aptos-Cpp-SDK/build/Release/Aptos.lib and object C:/Users/Beyioku/Documents/Unreal Projects/Aptos-Cpp-SDK/build/Release/Aptos.exp
  Aptos.vcxproj -> C:\Users\Beyioku\Documents\Unreal Projects\Aptos-Cpp-SDK\build\Release\Aptos.dll
